2020-08-09 15:41:27 [pool-2-thread-1] INFO  GoogleSteps:16 - Navigating to google.com::
2020-08-09 15:41:40 [pool-2-thread-1] INFO  AmazonSteps:14 - Navigating to amazon.com
2020-08-09 16:12:45 [pool-2-thread-1] INFO  GoogleSteps:16 - Navigating to google.com::
2020-08-09 16:12:58 [pool-2-thread-1] INFO  AmazonSteps:14 - Navigating to amazon.com
2020-08-09 16:21:37 [pool-2-thread-2] INFO  GoogleSteps:16 - Navigating to google.com::
2020-08-09 16:21:43 [pool-2-thread-1] INFO  AmazonSteps:14 - Navigating to amazon.com
2020-08-09 16:23:13 [pool-2-thread-1] INFO  AmazonSteps:14 - Navigating to amazon.com
2020-08-09 16:26:10 [pool-2-thread-1] INFO  GoogleSteps:16 - Navigating to google.com::
2020-08-09 16:26:25 [pool-2-thread-1] INFO  AmazonSteps:14 - Navigating to amazon.com
2020-08-09 16:34:11 [pool-2-thread-1] INFO  GoogleSteps:16 - Navigating to google.com::
2020-08-09 16:34:24 [pool-2-thread-1] INFO  AmazonSteps:14 - Navigating to amazon.com
2020-08-09 16:40:18 [pool-2-thread-1] INFO  GoogleSteps:16 - Navigating to google.com::
2020-08-09 16:40:33 [pool-2-thread-1] INFO  AmazonSteps:14 - Navigating to amazon.com
2020-08-11 16:51:46 [pool-2-thread-1] INFO  GoogleSteps:16 - Navigating to google.com::
2020-08-11 16:52:15 [pool-2-thread-1] INFO  AmazonSteps:14 - Navigating to amazon.com
2020-08-11 16:55:20 [pool-2-thread-1] INFO  GoogleSteps:16 - Navigating to google.com::
2020-08-11 16:55:34 [pool-2-thread-1] INFO  AmazonSteps:14 - Navigating to amazon.com
2020-08-11 16:56:21 [pool-2-thread-1] INFO  GoogleSteps:16 - Navigating to google.com::
2020-08-11 16:56:35 [pool-2-thread-1] INFO  AmazonSteps:14 - Navigating to amazon.com
2020-08-11 16:57:14 [pool-2-thread-1] INFO  GoogleSteps:16 - Navigating to google.com::
2020-08-11 16:57:27 [pool-2-thread-1] INFO  AmazonSteps:14 - Navigating to amazon.com
2020-08-14 00:07:01 [pool-2-thread-1] INFO  GoogleSteps:16 - Navigating to google.com::
2020-08-14 00:07:35 [pool-2-thread-1] INFO  AmazonSteps:14 - Navigating to amazon.com
2020-08-14 00:15:31 [pool-2-thread-1] INFO  GoogleSteps:16 - Navigating to google.com::
2020-08-14 00:15:46 [pool-2-thread-1] INFO  AmazonSteps:14 - Navigating to amazon.com
2020-08-14 00:18:02 [pool-2-thread-1] INFO  GoogleSteps:16 - Navigating to google.com::
2020-08-14 00:18:16 [pool-2-thread-1] INFO  AmazonSteps:14 - Navigating to amazon.com
2020-08-14 00:20:28 [pool-2-thread-1] INFO  GoogleSteps:16 - Navigating to google.com::
2020-08-14 00:20:42 [pool-2-thread-1] INFO  AmazonSteps:14 - Navigating to amazon.com
2020-08-14 00:23:39 [pool-2-thread-1] INFO  GoogleSteps:16 - Navigating to google.com::
2020-08-14 00:23:51 [pool-2-thread-1] INFO  AmazonSteps:15 - Navigating to amazon.com
2020-08-14 00:24:30 [pool-2-thread-1] INFO  GoogleSteps:16 - Navigating to google.com::
2020-08-14 00:24:44 [pool-2-thread-1] INFO  AmazonSteps:15 - Navigating to amazon.com
2020-08-14 00:33:44 [pool-2-thread-1] INFO  AmazonSteps:15 - Navigating to amazon.com
2020-08-14 00:41:22 [pool-2-thread-1] INFO  GoogleSteps:16 - Navigating to google.com::
2020-08-14 00:41:36 [pool-2-thread-1] INFO  AmazonSteps:15 - Navigating to amazon.com
2020-08-14 16:19:06 [pool-2-thread-1] INFO  GoogleSteps:16 - Navigating to google.com::
2020-08-14 16:19:44 [pool-2-thread-1] INFO  AmazonSteps:15 - Navigating to amazon.com
2020-08-14 16:38:48 [main] INFO  GoogleSteps:16 - Navigating to google.com::
2020-08-14 16:39:03 [main] INFO  AmazonSteps:15 - Navigating to amazon.com
2020-08-14 16:39:54 [main] INFO  GoogleSteps:16 - Navigating to google.com::
2020-08-14 16:40:09 [main] INFO  AmazonSteps:15 - Navigating to amazon.com
2020-08-14 16:51:42 [main] INFO  GoogleSteps:16 - Navigating to google.com::
2020-08-14 16:51:57 [main] INFO  AmazonSteps:15 - Navigating to amazon.com
2020-08-14 19:15:52 [pool-2-thread-1] INFO  AmazonSteps:15 - Navigating to amazon.com
2020-08-14 19:17:54 [pool-2-thread-1] INFO  GoogleSteps:16 - Navigating to google.com::
2020-08-14 19:18:06 [pool-2-thread-1] INFO  AmazonSteps:15 - Navigating to amazon.com
2020-08-14 19:27:02 [main] INFO  GoogleSteps:16 - Navigating to google.com::
2020-08-14 19:27:16 [main] INFO  AmazonSteps:15 - Navigating to amazon.com
2020-08-14 19:38:59 [main] INFO  GoogleSteps:16 - Navigating to google.com::
2020-08-14 19:39:13 [main] INFO  AmazonSteps:15 - Navigating to amazon.com
2020-08-14 19:47:30 [main] INFO  GoogleSteps:16 - Navigating to google.com::
2020-08-14 19:47:44 [main] INFO  AmazonSteps:15 - Navigating to amazon.com
2020-08-14 19:51:58 [main] INFO  GoogleSteps:16 - Navigating to google.com::
2020-08-14 19:52:13 [main] INFO  AmazonSteps:15 - Navigating to amazon.com
2020-08-14 19:57:53 [main] INFO  GoogleSteps:16 - Navigating to google.com::
2020-08-14 19:58:07 [main] INFO  AmazonSteps:15 - Navigating to amazon.com
2020-08-14 23:33:59 [main] INFO  GoogleSteps:16 - Navigating to google.com
2020-08-14 23:34:11 [main] INFO  AmazonSteps:15 - Navigating to amazon.com
2020-08-16 21:10:57 [pool-2-thread-1] INFO  GoogleSteps:16 - Navigating to google.com
2020-08-16 21:11:09 [pool-2-thread-1] INFO  AmazonSteps:15 - Navigating to amazon.com
